<?xml version="1.0" encoding="UTF-8"?>
<testsuite xmlns:xsi="http://www.w3.org/2001/XMLSchema-instance" xsi:noNamespaceSchemaLocation="https://maven.apache.org/surefire/maven-surefire-plugin/xsd/surefire-test-report.xsd" name="UserTest.TestModifyUser" time="4.171" tests="3" errors="0" skipped="0" failures="0">
  <properties>
[...]
</properties>
  <testcase name="testSuccessfullyModifyExistingUserName" classname="UserTest.TestModifyUser" time="1.418"/>
  <testcase name="testSuccessfullyModifyExistingUserEmail" classname="UserTest.TestModifyUser" time="1.373"/>
  <testcase name="testModifyExistingUserWthNoAuthFails" classname="UserTest.TestModifyUser" time="1.377"/>
</testsuite>